<?xml version="1.0" encoding="UTF-8"?>
<!-- Generated by org.testng.reporters.JUnitReportReporter -->
<testsuite hostname="UbuntuVM1" failures="0" tests="1" name="capstone.smarthome.testController.TestBasicConnection" time="2.149" errors="0" timestamp="2021-01-29T13:03:59 EST" skipped="0">
  <testcase classname="capstone.smarthome.testController.TestBasicConnection" name="simulatorConnectionTest" time="2.149"/>
  <system-out/>
</testsuite> <!-- capstone.smarthome.testController.TestBasicConnection -->
